[debug] [2020-04-24T15:12:08.089Z] ----------------------------------------------------------------------
[debug] [2020-04-24T15:12:08.091Z] Command:       C:\Program Files\nodejs\node.exe C:\Users\Tuna\AppData\Roaming\npm\node_modules\firebase-tools\lib\bin\firebase.js deploy
[debug] [2020-04-24T15:12:08.091Z] CLI Version:   8.1.1
[debug] [2020-04-24T15:12:08.091Z] Platform:      win32
[debug] [2020-04-24T15:12:08.091Z] Node Version:  v12.16.1
[debug] [2020-04-24T15:12:08.092Z] Time:          Fri Apr 24 2020 22:12:08 GMT+0700 (GMT+07:00)
[debug] [2020-04-24T15:12:08.092Z] ----------------------------------------------------------------------
[debug] [2020-04-24T15:12:08.092Z] 
[debug] [2020-04-24T15:12:08.097Z] > command requires scopes: ["email","openid","https://www.googleapis.com/auth/cloudplatformprojects.readonly","https://www.googleapis.com/auth/firebase","https://www.googleapis.com/auth/cloud-platform"]
[debug] [2020-04-24T15:12:08.097Z] > authorizing via signed-in user
[debug] [2020-04-24T15:12:08.097Z] [iam] checking project miniproject079 for permissions ["firebase.projects.get","firebasehosting.sites.update"]
[debug] [2020-04-24T15:12:08.099Z] >>> HTTP REQUEST POST https://cloudresourcemanager.googleapis.com/v1/projects/miniproject079:testIamPermissions  
 {"permissions":["firebase.projects.get","firebasehosting.sites.update"]}
[debug] [2020-04-24T15:12:09.423Z] <<< HTTP RESPONSE 200 {"content-type":"application/json; charset=UTF-8","vary":"X-Origin, Referer, Origin,Accept-Encoding","date":"Fri, 24 Apr 2020 15:12:53 GMT","server":"ESF","cache-control":"private","x-xss-protection":"0","x-frame-options":"SAMEORIGIN","x-content-type-options":"nosniff","server-timing":"gfet4t7; dur=1186","alt-svc":"quic=\":443\"; ma=2592000; v=\"46,43\",h3-Q050=\":443\"; ma=2592000,h3-Q049=\":443\"; ma=2592000,h3-Q048=\":443\"; ma=2592000,h3-Q046=\":443\"; ma=2592000,h3-Q043=\":443\"; ma=2592000,h3-T050=\":443\"; ma=2592000","accept-ranges":"none","transfer-encoding":"chunked"}
[debug] [2020-04-24T15:12:09.425Z] >>> HTTP REQUEST GET https://firebase.googleapis.com/v1beta1/projects/miniproject079  
 
[debug] [2020-04-24T15:12:09.799Z] <<< HTTP RESPONSE 200 {"content-type":"application/json; charset=UTF-8","vary":"X-Origin, Referer, Origin,Accept-Encoding","date":"Fri, 24 Apr 2020 15:12:54 GMT","server":"ESF","cache-control":"private","x-xss-protection":"0","x-frame-options":"SAMEORIGIN","x-content-type-options":"nosniff","alt-svc":"quic=\":443\"; ma=2592000; v=\"46,43\",h3-Q050=\":443\"; ma=2592000,h3-Q049=\":443\"; ma=2592000,h3-Q048=\":443\"; ma=2592000,h3-Q046=\":443\"; ma=2592000,h3-Q043=\":443\"; ma=2592000,h3-T050=\":443\"; ma=2592000","accept-ranges":"none","transfer-encoding":"chunked"}
[info] 
[info] === Deploying to 'miniproject079'...
[info] 
[info] i  deploying hosting
[debug] [2020-04-24T15:12:09.803Z] >>> HTTP REQUEST POST https://firebasehosting.googleapis.com/v1beta1/sites/miniproject079/versions  
 {"config":{"rewrites":[{"glob":"**","path":"/index.html"}]},"labels":{"deployment-tool":"cli-firebase"}}
[debug] [2020-04-24T15:12:11.754Z] <<< HTTP RESPONSE 200 {"content-type":"application/json; charset=UTF-8","vary":"X-Origin, Referer, Origin,Accept-Encoding","date":"Fri, 24 Apr 2020 15:12:56 GMT","server":"ESF","cache-control":"private","x-xss-protection":"0","x-frame-options":"SAMEORIGIN","x-content-type-options":"nosniff","alt-svc":"quic=\":443\"; ma=2592000; v=\"46,43\",h3-Q050=\":443\"; ma=2592000,h3-Q049=\":443\"; ma=2592000,h3-Q048=\":443\"; ma=2592000,h3-Q046=\":443\"; ma=2592000,h3-Q043=\":443\"; ma=2592000,h3-T050=\":443\"; ma=2592000","accept-ranges":"none","transfer-encoding":"chunked"}
[info] i  hosting[miniproject079]: beginning deploy...
[info] i  hosting[miniproject079]: found 23 files in build
[debug] [2020-04-24T15:12:12.296Z] [hosting] hash cache [YnVpbGQ] stored for 23 files
[debug] [2020-04-24T15:12:12.296Z] [hosting][hash queue][FINAL] {"max":528,"min":3,"avg":34,"active":0,"complete":23,"success":23,"errored":0,"retried":0,"total":23,"elapsed":532}
[debug] [2020-04-24T15:12:12.297Z] >>> HTTP REQUEST POST https://firebasehosting.googleapis.com/v1beta1/sites/miniproject079/versions/85913cd42cb18039:populateFiles  
 <request body omitted>
[debug] [2020-04-24T15:12:13.998Z] <<< HTTP RESPONSE 200 {"content-type":"application/json; charset=UTF-8","vary":"X-Origin, Referer, Origin,Accept-Encoding","date":"Fri, 24 Apr 2020 15:12:58 GMT","server":"ESF","cache-control":"private","x-xss-protection":"0","x-frame-options":"SAMEORIGIN","x-content-type-options":"nosniff","alt-svc":"quic=\":443\"; ma=2592000; v=\"46,43\",h3-Q050=\":443\"; ma=2592000,h3-Q049=\":443\"; ma=2592000,h3-Q048=\":443\"; ma=2592000,h3-Q046=\":443\"; ma=2592000,h3-Q043=\":443\"; ma=2592000,h3-T050=\":443\"; ma=2592000","accept-ranges":"none","transfer-encoding":"chunked"}
[debug] [2020-04-24T15:12:14.001Z] [hosting][populate queue][FINAL] {"max":1703,"min":1703,"avg":1703,"active":0,"complete":1,"success":1,"errored":0,"retried":0,"total":1,"elapsed":1706}
[debug] [2020-04-24T15:12:14.001Z] [hosting] uploads queued: 10
[debug] [2020-04-24T15:12:33.683Z] [uploadQueue] Retrying task 00eaa6087e2e5692bb16daf961630e7fc93fb294610beb63d3f658bb000cd196
